<?xml version="1.0" encoding="UTF-8"?>
<!-- Generated by org.testng.reporters.JUnitXMLReporter -->
<testsuite ignored="0" hostname="ANHBEATZ" failures="0" tests="4" name="Test" time="43.265" errors="0" timestamp="2021-12-22T16:24:09 CET">
  <testcase classname="Academy.validateNavigationBar" name="basePageNavigation" time="0.251"/>
  <testcase classname="Academy.HomePage" name="basePageNavigation" time="2.567"/>
  <testcase classname="Academy.HomePage" name="basePageNavigation" time="2.234"/>
  <testcase classname="Academy.validateTitle" name="basePageNavigation" time="0.065"/>
</testsuite> <!-- Test -->
