-------------------------------------------------------------------------------
Test set: TestSuite
-------------------------------------------------------------------------------
Tests run: 4, Failures: 1, Errors: 0, Skipped: 0, Time elapsed: 23.643 s <<< FAILURE! - in TestSuite
Academy.validateTitle.basePageNavigation  Time elapsed: 0 s  <<< FAILURE!
java.lang.AssertionError: expected [FEATURED COURSE] but found [FEATURED COURSES]
	at Academy.validateTitle.basePageNavigation(validateTitle.java:38)

